nohup: ignoring input
CompileCommand: exclude com/intellij/openapi/vfs/impl/FilePartNodeRoot.trieDescend bool exclude = true
2024-04-16 19:33:19,458 [    393]   WARN - #c.i.s.ComponentManagerImpl - `preload=true` must be used only for core services (service=com.intellij.ae.database.core.baseEvents.fus.AddStatisticsEventLogListenerTemporary, plugin=com.jetbrains.ae.database)
2024-04-16 19:33:19,459 [    394]   WARN - #c.i.s.ComponentManagerImpl - `preload=true` must be used only for core services (service=com.jetbrains.rdserver.statistics.BackendStatisticsManager, plugin=com.jetbrains.codeWithMe)
2024-04-16 19:33:19,834 [    769]   WARN - #c.i.s.ComponentManagerImpl - com.intellij.psi.search.FilenameIndex initializer requests com.intellij.ide.plugins.PluginUtil instance
2024-04-16 19:33:19,957 [    892]   WARN - #c.i.s.ComponentManagerImpl - com.intellij.lang.javascript.psi.jsdoc.impl.JSDocCustomTags initializer requests com.intellij.lang.javascript.JSDisposable instance
2024-04-16 19:33:20,295 [   1230]   WARN - #c.i.c.ComponentStoreImpl - Duplicated scheme Gradianto Dark Fuchsia - old: Gradianto Dark Fuchsia, new Gradianto Dark Fuchsia
2024-04-16 19:33:20,299 [   1234]   WARN - #c.i.i.u.UIThemeBean - Unknown field: MainWindow.Tab
2024-04-16 19:33:20,891 [   1826]   WARN - #c.i.s.ComponentManagerImpl - com.intellij.psi.LanguageSubstitutors initializer requests com.intellij.psi.LanguageSubstitutors instance
2024-04-16 19:33:21,023 [   1958]   WARN - #c.i.s.ComponentManagerImpl - org.zmlx.hg4idea.provider.HgChangeProvider initializer requests com.intellij.openapi.vcs.FileStatusFactory instance
2024-04-16 19:33:22,015 [   2950]   WARN - #c.i.o.v.n.p.d.e.DurableEnumeratorFactory - [enumerator.mmapped]: .valueToId map is out-of-sync with .valuesLog data -> rebuilding it
2024-04-16 19:33:22,957 [   3892]   WARN - #c.i.s.ComponentManagerImpl - com.intellij.database.console.session.DatabaseSessionManager initializer requests com.intellij.database.console.session.DatabaseSessionViewService instance
2024-04-16 19:33:23,213 [   4148]   WARN - #c.i.o.v.n.RefreshSession - no files to refresh
java.lang.Exception: no files to refresh
	at com.intellij.openapi.vfs.newvfs.RefreshSessionImpl.launch(RefreshSessionImpl.java:118)
	at com.intellij.openapi.vfs.newvfs.RefreshQueue.refresh(RefreshQueue.java:51)
	at com.intellij.openapi.vfs.newvfs.RefreshQueue.refresh(RefreshQueue.java:31)
	at com.intellij.openapi.vfs.impl.local.LocalFileSystemBase.refreshFiles(LocalFileSystemBase.java:264)
	at com.intellij.openapi.vfs.impl.local.LocalFileSystemBase.refreshNioFiles(LocalFileSystemBase.java:259)
	at com.intellij.openapi.externalSystem.autoimport.ProjectSettingsTracker$submitSettingsFilesRefresh$2$1.invoke(ProjectSettingsTracker.kt:169)
	at com.intellij.openapi.externalSystem.autoimport.ProjectSettingsTracker$submitSettingsFilesRefresh$2$1.invoke(ProjectSettingsTracker.kt:166)
	at com.intellij.openapi.externalSystem.autoimport.ProjectSettingsTracker$SettingsFilesAsyncSupplier$supply$1.invoke(ProjectSettingsTracker.kt:359)
	at com.intellij.openapi.externalSystem.autoimport.ProjectSettingsTracker$SettingsFilesAsyncSupplier$supply$1.invoke(ProjectSettingsTracker.kt:358)
	at com.intellij.openapi.externalSystem.autoimport.settings.CachingAsyncSupplier.supply$lambda$2(CachingAsyncSupplier.kt:19)
	at org.jetbrains.concurrency.AsyncPromise.onSuccess$lambda$3(AsyncPromise.kt:87)
	at org.jetbrains.concurrency.AsyncPromise$whenComplete$1.invoke(AsyncPromise.kt:114)
	at org.jetbrains.concurrency.AsyncPromise$whenComplete$1.invoke(AsyncPromise.kt:112)
	at org.jetbrains.concurrency.AsyncPromise.whenComplete$lambda$6(AsyncPromise.kt:112)
	at java.base/java.util.concurrent.CompletableFuture.uniHandle(CompletableFuture.java:934)
	at java.base/java.util.concurrent.CompletableFuture$UniHandle.tryFire(CompletableFuture.java:911)
	at java.base/java.util.concurrent.CompletableFuture.postComplete(CompletableFuture.java:510)
	at java.base/java.util.concurrent.CompletableFuture.complete(CompletableFuture.java:2147)
	at org.jetbrains.concurrency.AsyncPromise.setResult(AsyncPromise.kt:188)
	at com.intellij.openapi.externalSystem.autoimport.settings.CachingAsyncSupplier$supply$1$1$1.invoke(CachingAsyncSupplier.kt:16)
	at com.intellij.openapi.externalSystem.autoimport.settings.CachingAsyncSupplier$supply$1$1$1.invoke(CachingAsyncSupplier.kt:15)
	at com.intellij.openapi.externalSystem.autoimport.settings.AsyncSupplier$Companion$blocking$1.supply(AsyncSupplier.kt:19)
	at com.intellij.openapi.externalSystem.autoimport.settings.BackgroundAsyncSupplier.supply$lambda$0(BackgroundAsyncSupplier.kt:18)
	at com.intellij.openapi.progress.util.BackgroundTaskUtil.lambda$submitTask$8(BackgroundTaskUtil.java:266)
	at com.intellij.openapi.progress.util.BackgroundTaskUtil.lambda$createBackgroundTask$10(BackgroundTaskUtil.java:302)
	at com.intellij.openapi.progress.ProgressManager.lambda$runProcess$0(ProgressManager.java:73)
	at com.intellij.openapi.progress.impl.CoreProgressManager.lambda$runProcess$1(CoreProgressManager.java:192)
	at com.intellij.openapi.progress.impl.CoreProgressManager.lambda$executeProcessUnderProgress$12(CoreProgressManager.java:610)
	at com.intellij.openapi.progress.impl.CoreProgressManager.registerIndicatorAndRun(CoreProgressManager.java:685)
	at com.intellij.openapi.progress.impl.CoreProgressManager.computeUnderProgress(CoreProgressManager.java:641)
	at com.intellij.openapi.progress.impl.CoreProgressManager.executeProcessUnderProgress(CoreProgressManager.java:609)
	at com.intellij.openapi.progress.impl.ProgressManagerImpl.executeProcessUnderProgress(ProgressManagerImpl.java:78)
	at com.intellij.openapi.progress.impl.CoreProgressManager.runProcess(CoreProgressManager.java:179)
	at com.intellij.openapi.progress.ProgressManager.runProcess(ProgressManager.java:73)
	at com.intellij.openapi.progress.util.BackgroundTaskUtil.lambda$createBackgroundTask$11(BackgroundTaskUtil.java:297)
	at java.base/java.util.concurrent.CompletableFuture$AsyncSupply.run(CompletableFuture.java:1768)
	at com.intellij.util.concurrency.BoundedTaskExecutor.doRun(BoundedTaskExecutor.java:244)
	at com.intellij.util.concurrency.BoundedTaskExecutor.access$200(BoundedTaskExecutor.java:30)
	at com.intellij.util.concurrency.BoundedTaskExecutor$1.executeFirstTaskAndHelpQueue(BoundedTaskExecutor.java:222)
	at com.intellij.util.ConcurrencyUtil.runUnderThreadName(ConcurrencyUtil.java:218)
	at com.intellij.util.concurrency.BoundedTaskExecutor$1.run(BoundedTaskExecutor.java:210)
	at java.base/java.util.concurrent.ThreadPoolExecutor.runWorker(ThreadPoolExecutor.java:1136)
	at java.base/java.util.concurrent.ThreadPoolExecutor$Worker.run(ThreadPoolExecutor.java:635)
	at java.base/java.util.concurrent.Executors$PrivilegedThreadFactory$1$1.run(Executors.java:702)
	at java.base/java.util.concurrent.Executors$PrivilegedThreadFactory$1$1.run(Executors.java:699)
	at java.base/java.security.AccessController.doPrivileged(AccessController.java:399)
	at java.base/java.util.concurrent.Executors$PrivilegedThreadFactory$1.run(Executors.java:699)
	at java.base/java.lang.Thread.run(Thread.java:840)
2024-04-16 19:33:23,251 [   4186]   WARN - #c.i.s.ComponentManagerImpl - com.jetbrains.cidr.lang.settings.OCCustomOptionCpp initializer requests com.intellij.util.LocaleSensitiveApplicationCacheService instance
2024-04-16 19:33:24,450 [   5385]   WARN - #o.j.p.t.TextMateService - Cannot find referenced file `./language-configuration.json` in bundle `/home/herryao/Software/clion-2023.3.4/plugins/textmate/lib/bundles/mdx`
2024-04-16 19:33:24,585 [   5520]   WARN - #o.j.p.t.TextMateService - Cannot find referenced file `./language-configuration.json` in bundle `/home/herryao/Software/clion-2023.3.4/plugins/textmate/lib/bundles/mdx`
2024-04-16 19:34:19,448 [  60383]   WARN - #c.i.u.x.Binding - no accessors for com.intellij.ide.util.TipsUsageManager$State
2024-04-16 19:46:25,806 [ 786741]   WARN - org.apache.velocity.deprecation - configuration key 'resource.loader' has been deprecated in favor of 'resource.loaders'
2024-04-16 19:46:25,807 [ 786742]   WARN - org.apache.velocity.deprecation - configuration key 'includes.resource.loader.instance' has been deprecated in favor of 'resource.loader.includes.instance'
2024-04-16 19:46:27,731 [ 788666]   WARN - #c.i.o.v.n.RefreshSession - no files to refresh
java.lang.Exception: no files to refresh
	at com.intellij.openapi.vfs.newvfs.RefreshSessionImpl.launch(RefreshSessionImpl.java:118)
	at com.intellij.openapi.vfs.newvfs.RefreshQueue.refresh(RefreshQueue.java:51)
	at com.intellij.openapi.vfs.newvfs.RefreshQueue.refresh(RefreshQueue.java:31)
	at com.intellij.openapi.vfs.impl.local.LocalFileSystemBase.refreshFiles(LocalFileSystemBase.java:264)
	at com.intellij.openapi.vfs.impl.local.LocalFileSystemBase.refreshNioFiles(LocalFileSystemBase.java:259)
	at com.intellij.openapi.externalSystem.autoimport.ProjectSettingsTracker$submitSettingsFilesRefresh$2$1.invoke(ProjectSettingsTracker.kt:169)
	at com.intellij.openapi.externalSystem.autoimport.ProjectSettingsTracker$submitSettingsFilesRefresh$2$1.invoke(ProjectSettingsTracker.kt:166)
	at com.intellij.openapi.externalSystem.autoimport.ProjectSettingsTracker$SettingsFilesAsyncSupplier$supply$1.invoke(ProjectSettingsTracker.kt:359)
	at com.intellij.openapi.externalSystem.autoimport.ProjectSettingsTracker$SettingsFilesAsyncSupplier$supply$1.invoke(ProjectSettingsTracker.kt:358)
	at com.intellij.openapi.externalSystem.autoimport.settings.CachingAsyncSupplier.supply$lambda$2(CachingAsyncSupplier.kt:19)
	at org.jetbrains.concurrency.AsyncPromise.onSuccess$lambda$3(AsyncPromise.kt:87)
	at com.intellij.util.concurrency.ContextBiConsumer.accept(ContextBiConsumer.java:33)
	at org.jetbrains.concurrency.AsyncPromise$whenComplete$1.invoke(AsyncPromise.kt:114)
	at org.jetbrains.concurrency.AsyncPromise$whenComplete$1.invoke(AsyncPromise.kt:112)
	at org.jetbrains.concurrency.AsyncPromise.whenComplete$lambda$6(AsyncPromise.kt:112)
	at java.base/java.util.concurrent.CompletableFuture.uniHandle(CompletableFuture.java:934)
	at java.base/java.util.concurrent.CompletableFuture$UniHandle.tryFire(CompletableFuture.java:911)
	at java.base/java.util.concurrent.CompletableFuture.postComplete(CompletableFuture.java:510)
	at java.base/java.util.concurrent.CompletableFuture.complete(CompletableFuture.java:2147)
	at org.jetbrains.concurrency.AsyncPromise.setResult(AsyncPromise.kt:188)
	at com.intellij.openapi.externalSystem.autoimport.settings.CachingAsyncSupplier$supply$1$1$1.invoke(CachingAsyncSupplier.kt:16)
	at com.intellij.openapi.externalSystem.autoimport.settings.CachingAsyncSupplier$supply$1$1$1.invoke(CachingAsyncSupplier.kt:15)
	at com.intellij.openapi.externalSystem.autoimport.settings.AsyncSupplier$Companion$blocking$1.supply(AsyncSupplier.kt:19)
	at com.intellij.openapi.externalSystem.autoimport.settings.BackgroundAsyncSupplier.supply$lambda$0(BackgroundAsyncSupplier.kt:18)
	at com.intellij.openapi.progress.util.BackgroundTaskUtil.lambda$submitTask$8(BackgroundTaskUtil.java:266)
	at com.intellij.openapi.progress.util.BackgroundTaskUtil.lambda$createBackgroundTask$10(BackgroundTaskUtil.java:302)
	at com.intellij.openapi.progress.ProgressManager.lambda$runProcess$0(ProgressManager.java:73)
	at com.intellij.openapi.progress.impl.CoreProgressManager.lambda$runProcess$1(CoreProgressManager.java:192)
	at com.intellij.openapi.progress.impl.CoreProgressManager.lambda$executeProcessUnderProgress$12(CoreProgressManager.java:610)
	at com.intellij.openapi.progress.impl.CoreProgressManager.registerIndicatorAndRun(CoreProgressManager.java:685)
	at com.intellij.openapi.progress.impl.CoreProgressManager.computeUnderProgress(CoreProgressManager.java:641)
	at com.intellij.openapi.progress.impl.CoreProgressManager.executeProcessUnderProgress(CoreProgressManager.java:609)
	at com.intellij.openapi.progress.impl.ProgressManagerImpl.executeProcessUnderProgress(ProgressManagerImpl.java:78)
	at com.intellij.openapi.progress.impl.CoreProgressManager.runProcess(CoreProgressManager.java:179)
	at com.intellij.openapi.progress.ProgressManager.runProcess(ProgressManager.java:73)
	at com.intellij.openapi.progress.util.BackgroundTaskUtil.lambda$createBackgroundTask$11(BackgroundTaskUtil.java:297)
	at java.base/java.util.concurrent.CompletableFuture$AsyncSupply.run(CompletableFuture.java:1768)
	at com.intellij.util.concurrency.ContextRunnable.run(ContextRunnable.java:27)
	at com.intellij.util.concurrency.BoundedTaskExecutor.doRun(BoundedTaskExecutor.java:244)
	at com.intellij.util.concurrency.BoundedTaskExecutor.access$200(BoundedTaskExecutor.java:30)
	at com.intellij.util.concurrency.BoundedTaskExecutor$1.executeFirstTaskAndHelpQueue(BoundedTaskExecutor.java:222)
	at com.intellij.util.ConcurrencyUtil.runUnderThreadName(ConcurrencyUtil.java:218)
	at com.intellij.util.concurrency.BoundedTaskExecutor$1.run(BoundedTaskExecutor.java:210)
	at java.base/java.util.concurrent.ThreadPoolExecutor.runWorker(ThreadPoolExecutor.java:1136)
	at java.base/java.util.concurrent.ThreadPoolExecutor$Worker.run(ThreadPoolExecutor.java:635)
	at java.base/java.util.concurrent.Executors$PrivilegedThreadFactory$1$1.run(Executors.java:702)
	at java.base/java.util.concurrent.Executors$PrivilegedThreadFactory$1$1.run(Executors.java:699)
	at java.base/java.security.AccessController.doPrivileged(AccessController.java:399)
	at java.base/java.util.concurrent.Executors$PrivilegedThreadFactory$1.run(Executors.java:699)
	at java.base/java.lang.Thread.run(Thread.java:840)
